<?xml version="1.0" encoding="UTF-8"?>
<!-- Generated by org.testng.reporters.JUnitReportReporter -->
<testsuite skipped="0" hostname="USCAR1N7561" name="core.HomeworkSession8.SouthWestAdvancedSearhTest" tests="1" failures="0" timestamp="07 Sep 2018 19:30:31 GMT" time="19.826" errors="0">
  <testcase name="southWestAdvancedSearch" time="19.826" classname="core.HomeworkSession8.SouthWestAdvancedSearhTest"/>
</testsuite> <!-- core.HomeworkSession8.SouthWestAdvancedSearhTest -->
