<?xml version="1.0" encoding="UTF-8"?>
<!-- Generated by org.testng.reporters.JUnitReportReporter -->
<testsuite skipped="0" hostname="USCAR1N7561" name="core.HomeworkSession8.SouthWestAdvancedSearh" tests="1" failures="0" timestamp="07 Sep 2018 17:53:17 GMT" time="23.416" errors="0">
  <testcase name="SouthWestAdvancedSearch" time="23.416" classname="core.HomeworkSession8.SouthWestAdvancedSearh"/>
</testsuite> <!-- core.HomeworkSession8.SouthWestAdvancedSearh -->
